0 verbose cli C:\Program Files\nodejs\node.exe C:\Program Files\nodejs\node_modules\npm\bin\npm-cli.js
1 info using npm@11.6.2
2 info using node@v24.12.0
3 silly config load:file:C:\Program Files\nodejs\node_modules\npm\npmrc
4 silly config load:file:C:\Users\User\GovLens_MVP\.npmrc
5 silly config load:file:C:\Users\User\.npmrc
6 silly config load:file:C:\Users\User\AppData\Roaming\npm\etc\npmrc
7 verbose title npm exec playwright-cli -s=govlens fill e16 amina@example.com
8 verbose argv "exec" "--yes" "--package" "@playwright/cli" "--" "playwright-cli" "-s=govlens" "fill" "e16" "amina@example.com"
9 verbose logfile logs-max:10 dir:C:\Users\User\GovLens_MVP\.npm-cache\_logs\2026-04-25T20_53_19_610Z-
10 verbose logfile C:\Users\User\GovLens_MVP\.npm-cache\_logs\2026-04-25T20_53_19_610Z-debug-0.log
11 silly logfile start cleaning logs, removing 1 files
12 silly packumentCache heap:4496293888 maxSize:1124073472 maxEntrySize:562036736
13 silly logfile done cleaning log files
14 http fetch GET https://registry.npmjs.org/@playwright%2fcli attempt 1 failed with EACCES
15 http fetch GET https://registry.npmjs.org/@playwright%2fcli attempt 2 failed with EACCES
16 http fetch GET https://registry.npmjs.org/@playwright%2fcli attempt 3 failed with EACCES
17 http fetch GET 200 https://registry.npmjs.org/@playwright%2fcli 70103ms (cache stale)
18 silly packumentCache heap:4496293888 maxSize:1124073472 maxEntrySize:562036736
19 verbose cwd C:\Users\User\GovLens_MVP
20 verbose os Windows_NT 10.0.22621
21 verbose node v24.12.0
22 verbose npm  v11.6.2
23 verbose exit 1
24 verbose code 1
