[    6676ms] [INFO] %cDownload the React DevTools for a better development experience: https://react.dev/link/react-devtools font-weight:bold @ http://localhost:3000/_next/static/chunks/node_modules_next_dist_compiled_react-dom_1e674e59._.js:14537
[    7453ms] [ERROR] Failed to load resource: the server responded with a status of 404 (Not Found) @ http://localhost:3000/favicon.ico:0
[    8103ms] [LOG] [Fast Refresh] rebuilding @ http://localhost:3000/_next/static/chunks/node_modules_next_dist_client_cf1d9188._.js:5949
[    8211ms] [LOG] [Fast Refresh] done in 209ms @ http://localhost:3000/_next/static/chunks/node_modules_next_dist_client_cf1d9188._.js:5809
[    8634ms] [LOG] %c[Vercel Web Analytics]%c Debug mode is enabled by default in development. No requests will be sent to the server. color: rgb(120, 120, 120) color: inherit @ https://va.vercel-scripts.com/v1/script.debug.js:0
[    8636ms] [LOG] %c[Vercel Web Analytics]%c Running queued event color: rgb(120, 120, 120) color: inherit pageview {route: /login, path: /login} @ https://va.vercel-scripts.com/v1/script.debug.js:0
[    8638ms] [LOG] %c[Vercel Web Analytics]%c [view] http://localhost:3000/login?from=%2F color: rgb(120, 120, 120) color: inherit {o: http://localhost:3000/login?from=%2F, sv: 0.1.3, sdkn: @vercel/analytics/next, sdkv: 1.6.1, ts: 1776630425850} /_vercel/insights/view @ https://va.vercel-scripts.com/v1/script.debug.js:0
[  426784ms] [LOG] %c[Vercel Web Analytics]%c [view] http://localhost:3000/ color: rgb(120, 120, 120) color: inherit {o: http://localhost:3000/, sv: 0.1.3, sdkn: @vercel/analytics/next, sdkv: 1.6.1, ts: 1776630843981} /_vercel/insights/view @ https://va.vercel-scripts.com/v1/script.debug.js:0
[ 1317758ms] [LOG] [Fast Refresh] rebuilding @ http://localhost:3000/_next/static/chunks/node_modules_next_dist_client_cf1d9188._.js:5949
[ 1318291ms] [LOG] [Fast Refresh] done in 683ms @ http://localhost:3000/_next/static/chunks/node_modules_next_dist_client_cf1d9188._.js:5809
[ 2215527ms] [LOG] %c[Vercel Web Analytics]%c [view] http://localhost:3000/login color: rgb(120, 120, 120) color: inherit {o: http://localhost:3000/login, sv: 0.1.3, sdkn: @vercel/analytics/next, sdkv: 1.6.1, ts: 1776632632736} /_vercel/insights/view @ https://va.vercel-scripts.com/v1/script.debug.js:0
[ 2593094ms] [LOG] [Fast Refresh] rebuilding @ http://localhost:3000/_next/static/chunks/node_modules_next_dist_client_cf1d9188._.js:5949
[ 2598724ms] [LOG] [Fast Refresh] done in 5738ms @ http://localhost:3000/_next/static/chunks/node_modules_next_dist_client_cf1d9188._.js:5809
[ 2598830ms] [LOG] [Fast Refresh] rebuilding @ http://localhost:3000/_next/static/chunks/node_modules_next_dist_client_cf1d9188._.js:5949
[ 2599383ms] [LOG] [Fast Refresh] done in 658ms @ http://localhost:3000/_next/static/chunks/node_modules_next_dist_client_cf1d9188._.js:5809
[ 2602039ms] [LOG] [Fast Refresh] rebuilding @ http://localhost:3000/_next/static/chunks/node_modules_next_dist_client_cf1d9188._.js:5949
[ 2602378ms] [LOG] [Fast Refresh] done in 447ms @ http://localhost:3000/_next/static/chunks/node_modules_next_dist_client_cf1d9188._.js:5809
[ 2602618ms] [LOG] %c[Vercel Web Analytics]%c [view] http://localhost:3000/mp/dashboard color: rgb(120, 120, 120) color: inherit {o: http://localhost:3000/mp/dashboard, sv: 0.1.3, sdkn: @vercel/analytics/next, sdkv: 1.6.1, ts: 1776633019824} /_vercel/insights/view @ https://va.vercel-scripts.com/v1/script.debug.js:0
[51434634ms] [ERROR] Failed to load resource: net::ERR_NETWORK_IO_SUSPENDED @ http://localhost:8000/api/v1/issues/c434fcb5-9581-4a66-901a-4b707b9e43ef/comments:0
[51434650ms] [ERROR] Failed to load comments: TypeError: Failed to fetch
    at request (http://localhost:3000/_next/static/chunks/src_193a55aa._.js:112:23)
    at Object.get (http://localhost:3000/_next/static/chunks/src_193a55aa._.js:162:18)
    at DataStoreProvider.useCallback[loadComments] (http://localhost:3000/_next/static/chunks/src_193a55aa._.js:629:164)
    at IssueDetailDrawer.useEffect (http://localhost:3000/_next/static/chunks/src_821ed3a4._.js:1703:18)
    at Object.react_stack_bottom_frame (http://localhost:3000/_next/static/chunks/node_modules_next_dist_compiled_react-dom_1e674e59._.js:13122:22)
    at runWithFiberInDEV (http://localhost:3000/_next/static/chunks/node_modules_next_dist_compiled_react-dom_1e674e59._.js:886:74)
    at commitHookEffectListMount (http://localhost:3000/_next/static/chunks/node_modules_next_dist_compiled_react-dom_1e674e59._.js:6640:628)
    at commitHookPassiveMountEffects (http://localhost:3000/_next/static/chunks/node_modules_next_dist_compiled_react-dom_1e674e59._.js:6675:60)
    at commitPassiveMountOnFiber (http://localhost:3000/_next/static/chunks/node_modules_next_dist_compiled_react-dom_1e674e59._.js:7630:33)
    at recursivelyTraversePassiveMountEffects (http://localhost:3000/_next/static/chunks/node_modules_next_dist_compiled_react-dom_1e674e59._.js:7621:106)
    at commitPassiveMountOnFiber (http://localhost:3000/_next/static/chunks/node_modules_next_dist_compiled_react-dom_1e674e59._.js:7673:17)
    at recursivelyTraversePassiveMountEffects (http://localhost:3000/_next/static/chunks/node_modules_next_dist_compiled_react-dom_1e674e59._.js:7621:106)
    at commitPassiveMountOnFiber (http://localhost:3000/_next/static/chunks/node_modules_next_dist_compiled_react-dom_1e674e59._.js:7629:17)
    at recursivelyTraversePassiveMountEffects (http://localhost:3000/_next/static/chunks/node_modules_next_dist_compiled_react-dom_1e674e59._.js:7621:106)
    at commitPassiveMountOnFiber (http://localhost:3000/_next/static/chunks/node_modules_next_dist_compiled_react-dom_1e674e59._.js:7629:17)
    at recursivelyTraversePassiveMountEffects (http://localhost:3000/_next/static/chunks/node_modules_next_dist_compiled_react-dom_1e674e59._.js:7621:106)
    at commitPassiveMountOnFiber (http://localhost:3000/_next/static/chunks/node_modules_next_dist_compiled_react-dom_1e674e59._.js:7629:17)
    at recursivelyTraversePassiveMountEffects (http://localhost:3000/_next/static/chunks/node_modules_next_dist_compiled_react-dom_1e674e59._.js:7621:106)
    at commitPassiveMountOnFiber (http://localhost:3000/_next/static/chunks/node_modules_next_dist_compiled_react-dom_1e674e59._.js:7673:17)
    at recursivelyTraversePassiveMountEffects (http://localhost:3000/_next/static/chunks/node_modules_next_dist_compiled_react-dom_1e674e59._.js:7621:106)
    at commitPassiveMountOnFiber (http://localhost:3000/_next/static/chunks/node_modules_next_dist_compiled_react-dom_1e674e59._.js:7673:17)
    at recursivelyTraversePassiveMountEffects (http://localhost:3000/_next/static/chunks/node_modules_next_dist_compiled_react-dom_1e674e59._.js:7621:106)
    at commitPassiveMountOnFiber (http://localhost:3000/_next/static/chunks/node_modules_next_dist_compiled_react-dom_1e674e59._.js:7629:17)
    at recursivelyTraversePassiveMountEffects (http://localhost:3000/_next/static/chunks/node_modules_next_dist_compiled_react-dom_1e674e59._.js:7621:106)
    at commitPassiveMountOnFiber (http://localhost:3000/_next/static/chunks/node_modules_next_dist_compiled_react-dom_1e674e59._.js:7633:17)
    at recursivelyTraversePassiveMountEffects (http://localhost:3000/_next/static/chunks/node_modules_next_dist_compiled_react-dom_1e674e59._.js:7621:106)
    at commitPassiveMountOnFiber (http://localhost:3000/_next/static/chunks/node_modules_next_dist_compiled_react-dom_1e674e59._.js:7629:17)
    at recursivelyTraversePassiveMountEffects (http://localhost:3000/_next/static/chunks/node_modules_next_dist_compiled_react-dom_1e674e59._.js:7621:106)
    at commitPassiveMountOnFiber (http://localhost:3000/_next/static/chunks/node_modules_next_dist_compiled_react-dom_1e674e59._.js:7629:17)
    at recursivelyTraversePassiveMountEffects (http://localhost:3000/_next/static/chunks/node_modules_next_dist_compiled_react-dom_1e674e59._.js:7621:106)
    at commitPassiveMountOnFiber (http://localhost:3000/_next/static/chunks/node_modules_next_dist_compiled_react-dom_1e674e59._.js:7629:17)
    at recursivelyTraversePassiveMountEffects (http://localhost:3000/_next/static/chunks/node_modules_next_dist_compiled_react-dom_1e674e59._.js:7621:106)
    at commitPassiveMountOnFiber (http://localhost:3000/_next/static/chunks/node_modules_next_dist_compiled_react-dom_1e674e59._.js:7629:17)
    at recursivelyTraversePassiveMountEffects (http://localhost:3000/_next/static/chunks/node_modules_next_dist_compiled_react-dom_1e674e59._.js:7621:106)
    at commitPassiveMountOnFiber (http://localhost:3000/_next/static/chunks/node_modules_next_dist_compiled_react-dom_1e674e59._.js:7633:17)
    at recursivelyTraversePassiveMountEffects (http://localhost:3000/_next/static/chunks/node_modules_next_dist_compiled_react-dom_1e674e59._.js:7621:106)
    at commitPassiveMountOnFiber (http://localhost:3000/_next/static/chunks/node_modules_next_dist_compiled_react-dom_1e674e59._.js:7629:17)
    at recursivelyTraversePassiveMountEffects (http://localhost:3000/_next/static/chunks/node_modules_next_dist_compiled_react-dom_1e674e59._.js:7621:106)
    at commitPassiveMountOnFiber (http://localhost:3000/_next/static/chunks/node_modules_next_dist_compiled_react-dom_1e674e59._.js:7629:17)
    at recursivelyTraversePassiveMountEffects (http://localhost:3000/_next/static/chunks/node_modules_next_dist_compiled_react-dom_1e674e59._.js:7621:106)
    at commitPassiveMountOnFiber (http://localhost:3000/_next/static/chunks/node_modules_next_dist_compiled_react-dom_1e674e59._.js:7673:17)
    at recursivelyTraversePassiveMountEffects (http://localhost:3000/_next/static/chunks/node_modules_next_dist_compiled_react-dom_1e674e59._.js:7621:106)
    at commitPassiveMountOnFiber (http://localhost:3000/_next/static/chunks/node_modules_next_dist_compiled_react-dom_1e674e59._.js:7673:17)
    at recursivelyTraversePassiveMountEffects (http://localhost:3000/_next/static/chunks/node_modules_next_dist_compiled_react-dom_1e674e59._.js:7621:106)
    at commitPassiveMountOnFiber (http://localhost:3000/_next/static/chunks/node_modules_next_dist_compiled_react-dom_1e674e59._.js:7629:17)
    at recursivelyTraversePassiveMountEffects (http://localhost:3000/_next/static/chunks/node_modules_next_dist_compiled_react-dom_1e674e59._.js:7621:106)
    at commitPassiveMountOnFiber (http://localhost:3000/_next/static/chunks/node_modules_next_dist_compiled_react-dom_1e674e59._.js:7629:17)
    at recursivelyTraversePassiveMountEffects (http://localhost:3000/_next/static/chunks/node_modules_next_dist_compiled_react-dom_1e674e59._.js:7621:106)
    at commitPassiveMountOnFiber (http://localhost:3000/_next/static/chunks/node_modules_next_dist_compiled_react-dom_1e674e59._.js:7673:17)
    at recursivelyTraversePassiveMountEffects (http://localhost:3000/_next/static/chunks/node_modules_next_dist_compiled_react-dom_1e674e59._.js:7621:106) @ http://localhost:3000/_next/static/chunks/node_modules_next_dist_b0daae9a._.js:2359
[51434792ms] [ERROR] Failed to load resource: net::ERR_NETWORK_IO_SUSPENDED @ http://localhost:3000/__nextjs_font/geist-latin.woff2:0
[51434793ms] [ERROR] Failed to load resource: net::ERR_NETWORK_IO_SUSPENDED @ http://localhost:3000/__nextjs_original-stack-frames:0
[56003815ms] [ERROR] Failed to load resource: the server responded with a status of 401 (Unauthorized) @ http://localhost:8000/api/v1/issues/c434fcb5-9581-4a66-901a-4b707b9e43ef/status:0
[56003837ms] [ERROR] Failed to load resource: the server responded with a status of 401 (Unauthorized) @ http://localhost:8000/api/v1/auth/refresh:0
[56003888ms] [ERROR] Failed to save issue changes: Error: Session expired
    at request (http://localhost:3000/_next/static/chunks/src_193a55aa._.js:124:15)
    at async DataStoreProvider.useCallback[changeIssueStatus] (http://localhost:3000/_next/static/chunks/src_193a55aa._.js:671:13)
    at async onClick (http://localhost:3000/_next/static/chunks/src_821ed3a4._.js:2735:57) @ http://localhost:3000/_next/static/chunks/node_modules_next_dist_b0daae9a._.js:2359
[56007153ms] [INFO] %cDownload the React DevTools for a better development experience: https://react.dev/link/react-devtools font-weight:bold @ http://localhost:3000/_next/static/chunks/node_modules_next_dist_compiled_react-dom_1e674e59._.js:14537
[56007626ms] [LOG] %c[Vercel Web Analytics]%c Debug mode is enabled by default in development. No requests will be sent to the server. color: rgb(120, 120, 120) color: inherit @ https://va.vercel-scripts.com/v1/script.debug.js:0
[56007628ms] [LOG] %c[Vercel Web Analytics]%c Running queued event color: rgb(120, 120, 120) color: inherit pageview {route: /login, path: /login} @ https://va.vercel-scripts.com/v1/script.debug.js:0
[56007629ms] [LOG] %c[Vercel Web Analytics]%c [view] http://localhost:3000/login color: rgb(120, 120, 120) color: inherit {o: http://localhost:3000/login, sv: 0.1.3, sdkn: @vercel/analytics/next, sdkv: 1.6.1, ts: 1776686424841} /_vercel/insights/view @ https://va.vercel-scripts.com/v1/script.debug.js:0
[56007677ms] [LOG] [Fast Refresh] rebuilding @ http://localhost:3000/_next/static/chunks/node_modules_next_dist_client_cf1d9188._.js:5949
[56007840ms] [LOG] [Fast Refresh] done in 273ms @ http://localhost:3000/_next/static/chunks/node_modules_next_dist_client_cf1d9188._.js:5809
[56949462ms] [LOG] [Fast Refresh] rebuilding @ http://localhost:3000/_next/static/chunks/node_modules_next_dist_client_cf1d9188._.js:5949
[56951314ms] [WARNING] [Fast Refresh] performing full reload

Fast Refresh will perform a full reload when you edit a file that's imported by modules outside of the React rendering tree.
You might have a file which exports a React component but also exports a value that is imported by a non-React component file.
Consider migrating the non-React component export to a separate file and importing it into both files.

It is also possible the parent component of the component you edited is a class component, which disables Fast Refresh.
Fast Refresh requires at least one parent function component in your React tree. @ http://localhost:3000/_next/static/chunks/%5Bturbopack%5D_browser_dev_hmr-client_hmr-client_ts_c8c997ce._.js:34
[56951339ms] [LOG] [Fast Refresh] done in 1950ms @ http://localhost:3000/_next/static/chunks/node_modules_next_dist_client_cf1d9188._.js:5809
[56951529ms] [LOG] [Fast Refresh] rebuilding @ http://localhost:3000/_next/static/chunks/node_modules_next_dist_client_cf1d9188._.js:5949
[56951667ms] [LOG] [Fast Refresh] done in 240ms @ http://localhost:3000/_next/static/chunks/node_modules_next_dist_client_cf1d9188._.js:5809
[56954297ms] [INFO] %cDownload the React DevTools for a better development experience: https://react.dev/link/react-devtools font-weight:bold @ http://localhost:3000/_next/static/chunks/node_modules_next_dist_compiled_react-dom_1e674e59._.js:14537
[56954620ms] [LOG] %c[Vercel Web Analytics]%c Debug mode is enabled by default in development. No requests will be sent to the server. color: rgb(120, 120, 120) color: inherit @ https://va.vercel-scripts.com/v1/script.debug.js:0
[56954620ms] [LOG] %c[Vercel Web Analytics]%c Running queued event color: rgb(120, 120, 120) color: inherit pageview {route: /login, path: /login} @ https://va.vercel-scripts.com/v1/script.debug.js:0
[56954622ms] [LOG] %c[Vercel Web Analytics]%c [view] http://localhost:3000/login color: rgb(120, 120, 120) color: inherit {o: http://localhost:3000/login, sv: 0.1.3, sdkn: @vercel/analytics/next, sdkv: 1.6.1, ts: 1776687371834} /_vercel/insights/view @ https://va.vercel-scripts.com/v1/script.debug.js:0
[56954695ms] [LOG] [Fast Refresh] rebuilding @ http://localhost:3000/_next/static/chunks/node_modules_next_dist_client_cf1d9188._.js:5949
[56954717ms] [LOG] [Fast Refresh] done in 125ms @ http://localhost:3000/_next/static/chunks/node_modules_next_dist_client_cf1d9188._.js:5809
